/home/pagadalam/conda3/lib/python3.9/site-packages/gym/envs/box2d/car_racing.py:569: UserWarning: [33mWARN: You are calling render method without specifying any render mode. You can specify the render_mode at initialization, e.g. gym("CarRacing-v2", render_mode="rgb_array")[0m
  gym.logger.warn(
/home/pagadalam/conda3/lib/python3.9/site-packages/torch/nn/functional.py:1967: UserWarning: nn.functional.sigmoid is deprecated. Use torch.sigmoid instead.
  warnings.warn("nn.functional.sigmoid is deprecated. Use torch.sigmoid instead.")
Process Process-14:
Traceback (most recent call last):
  File "/home/pagadalam/conda3/lib/python3.9/multiprocessing/process.py", line 315, in _bootstrap
    self.run()
  File "/home/pagadalam/conda3/lib/python3.9/multiprocessing/process.py", line 108, in run
    self._target(*self._args, **self._kwargs)
  File "/home/pagadalam/Santhosh/Workspace/Fake_Assignments/world-models/traincontroller.py", line 100, in slave_routine
    r_queue.put((s_id, r_gen.rollout(params)))
  File "/home/pagadalam/Santhosh/Workspace/Fake_Assignments/world-models/utils/misc.py", line 192, in rollout
    obs, _ = self.env.reset()
  File "/home/pagadalam/conda3/lib/python3.9/site-packages/gym/wrappers/time_limit.py", line 50, in step
    observation, reward, terminated, truncated, info = self.env.step(action)
  File "/home/pagadalam/conda3/lib/python3.9/site-packages/gym/wrappers/order_enforcing.py", line 37, in step
    return self.env.step(action)
  File "/home/pagadalam/conda3/lib/python3.9/site-packages/gym/wrappers/env_checker.py", line 39, in step
    return self.env.step(action)
  File "/home/pagadalam/conda3/lib/python3.9/site-packages/gym/envs/box2d/car_racing.py", line 541, in step
    self.state = self._render("state_pixels")
  File "/home/pagadalam/conda3/lib/python3.9/site-packages/gym/envs/box2d/car_racing.py", line 634, in _render
    return self._create_image_array(self.surf, (STATE_W, STATE_H))
  File "/home/pagadalam/conda3/lib/python3.9/site-packages/gym/envs/box2d/car_racing.py", line 767, in _create_image_array
    np.array(pygame.surfarray.pixels3d(scaled_screen)), axes=(1, 0, 2)
  File "/home/pagadalam/conda3/lib/python3.9/site-packages/pygame/surfarray.py", line 187, in pixels3d
    return numpy_array(surface.get_view('3'), copy=False)
KeyboardInterrupt
