/home/pagadalam/conda3/lib/python3.9/site-packages/gym/envs/box2d/car_racing.py:569: UserWarning: [33mWARN: You are calling render method without specifying any render mode. You can specify the render_mode at initialization, e.g. gym("CarRacing-v2", render_mode="rgb_array")[0m
  gym.logger.warn(
/home/pagadalam/conda3/lib/python3.9/site-packages/torch/nn/functional.py:1967: UserWarning: nn.functional.sigmoid is deprecated. Use torch.sigmoid instead.
  warnings.warn("nn.functional.sigmoid is deprecated. Use torch.sigmoid instead.")
Process Process-16:
Traceback (most recent call last):
  File "/home/pagadalam/conda3/lib/python3.9/multiprocessing/process.py", line 315, in _bootstrap
    self.run()
  File "/home/pagadalam/conda3/lib/python3.9/multiprocessing/process.py", line 108, in run
    self._target(*self._args, **self._kwargs)
  File "/home/pagadalam/Santhosh/Workspace/Fake_Assignments/world-models/traincontroller.py", line 100, in slave_routine
    r_queue.put((s_id, r_gen.rollout(params)))
  File "/home/pagadalam/Santhosh/Workspace/Fake_Assignments/world-models/utils/misc.py", line 191, in rollout
  File "/home/pagadalam/Santhosh/Workspace/Fake_Assignments/world-models/utils/misc.py", line 159, in get_action_and_transition
    Encode obs to latent using the VAE, then obtain estimation for next
  File "/home/pagadalam/conda3/lib/python3.9/site-packages/torch/nn/modules/module.py", line 1190, in _call_impl
    return forward_call(*input, **kwargs)
  File "/home/pagadalam/Santhosh/Workspace/Fake_Assignments/world-models/models/vae.py", line 74, in forward
    recon_x = self.decoder(z)
  File "/home/pagadalam/conda3/lib/python3.9/site-packages/torch/nn/modules/module.py", line 1190, in _call_impl
    return forward_call(*input, **kwargs)
  File "/home/pagadalam/Santhosh/Workspace/Fake_Assignments/world-models/models/vae.py", line 28, in forward
    x = F.relu(self.deconv3(x))
  File "/home/pagadalam/conda3/lib/python3.9/site-packages/torch/nn/modules/module.py", line 1190, in _call_impl
    return forward_call(*input, **kwargs)
  File "/home/pagadalam/conda3/lib/python3.9/site-packages/torch/nn/modules/conv.py", line 956, in forward
    return F.conv_transpose2d(
KeyboardInterrupt
